<?xml version="1.0" encoding="UTF-8"?>
<!-- Generated by org.testng.reporters.JUnitReportReporter -->
<testsuite hostname="DESKTOP-BQPVLVH" failures="0" tests="2" name="tests.CreateAccountTest" time="24.753" errors="0" timestamp="2024-07-15T14:00:40 EET" skipped="0">
  <testcase classname="tests.CreateAccountTest" name="loginToDasboard" time="4.989"/>
  <system-out/>
  <testcase classname="tests.CreateAccountTest" name="test" time="19.764"/>
  <system-out/>
</testsuite> <!-- tests.CreateAccountTest -->
