<?xml version="1.0" encoding="UTF-8"?>
<!-- Generated by org.testng.reporters.JUnitReportReporter -->
<testsuite hostname="DESKTOP-BQPVLVH" failures="0" tests="5" name="tests.Lesson_Assignments_Test" time="102.195" errors="0" timestamp="2024-07-16T03:28:28 EET" skipped="0">
  <testcase classname="tests.Lesson_Assignments_Test" name="loginToDasboard" time="4.935"/>
  <system-out/>
  <testcase classname="tests.Lesson_Assignments_Test" name="CourseInformantion" time="37.806"/>
  <system-out/>
  <testcase classname="tests.Lesson_Assignments_Test" name="AddNewModuleCourse" time="13.876"/>
  <system-out/>
  <testcase classname="tests.Lesson_Assignments_Test" name="AddNewLessonCourse" time="34.583"/>
  <system-out/>
  <testcase classname="tests.Lesson_Assignments_Test" name="AddNewAssignment" time="10.995"/>
  <system-out/>
</testsuite> <!-- tests.Lesson_Assignments_Test -->
