<?xml version="1.0" encoding="UTF-8"?>
<!-- Generated by org.testng.reporters.JUnitReportReporter -->
<testsuite hostname="DESKTOP-BQPVLVH" failures="0" tests="4" name="tests.VirtualCourseTest" time="83.647" errors="0" timestamp="2024-07-16T22:20:28 EET" skipped="0">
  <testcase classname="tests.VirtualCourseTest" name="loginToDasboard" time="5.480"/>
  <system-out/>
  <testcase classname="tests.VirtualCourseTest" name="CourseInformantion" time="31.511"/>
  <system-out/>
  <testcase classname="tests.VirtualCourseTest" name="AddNewModuleCourse" time="16.924"/>
  <system-out/>
  <testcase classname="tests.VirtualCourseTest" name="AddNewLessonCourse" time="29.732"/>
  <system-out/>
</testsuite> <!-- tests.VirtualCourseTest -->
