<?xml version="1.0" encoding="UTF-8"?>
<!-- Generated by org.testng.reporters.JUnitReportReporter -->
<testsuite hostname="DESKTOP-BQPVLVH" failures="0" tests="2" name="tests.ProgramTest" time="21.001" errors="0" timestamp="2024-07-17T21:57:07 EET" skipped="0">
  <testcase classname="tests.ProgramTest" name="loginToDasboard" time="13.771"/>
  <system-out/>
  <testcase classname="tests.ProgramTest" name="RedirectToPrograms" time="7.230"/>
  <system-out/>
</testsuite> <!-- tests.ProgramTest -->
